[0.183s] Invoking command in '/home/mp4d/ros2_ws/build/project_ros2_pkg': CMAKE_PREFIX_PATH=/opt/ros/foxy /usr/bin/cmake /home/mp4d/ros2_ws/src/project-ROS2-pkg -DCMAKE_INSTALL_PREFIX=/home/mp4d/ros2_ws/install/project_ros2_pkg
[4.726s] -- The C compiler identification is GNU 9.4.0
[7.704s] -- The CXX compiler identification is GNU 9.4.0
[7.759s] -- Check for working C compiler: /usr/bin/cc
[8.395s] -- Check for working C compiler: /usr/bin/cc -- works
[8.406s] -- Detecting C compiler ABI info
[8.903s] -- Detecting C compiler ABI info - done
[8.995s] -- Detecting C compile features
[8.999s] -- Detecting C compile features - done
[9.023s] -- Check for working CXX compiler: /usr/bin/c++
[9.559s] -- Check for working CXX compiler: /usr/bin/c++ -- works
[9.570s] -- Detecting CXX compiler ABI info
[10.109s] -- Detecting CXX compiler ABI info - done
[10.200s] -- Detecting CXX compile features
[10.203s] -- Detecting CXX compile features - done
[10.227s] -- Found ament_cmake: 0.9.11 (/opt/ros/foxy/share/ament_cmake/cmake)
[10.419s] -- Found PythonInterp: /usr/bin/python3 (found suitable version "3.8.10", minimum required is "3") 
[10.420s] -- Using PYTHON_EXECUTABLE: /usr/bin/python3
[12.299s] -- Found rclcpp: 2.4.2 (/opt/ros/foxy/share/rclcpp/cmake)
[12.717s] -- Using all available rosidl_typesupport_c: rosidl_typesupport_fastrtps_c;rosidl_typesupport_introspection_c
[12.773s] -- Found rosidl_adapter: 1.3.0 (/opt/ros/foxy/share/rosidl_adapter/cmake)
[13.456s] -- Found OpenSSL: /usr/lib/aarch64-linux-gnu/libcrypto.so (found version "1.1.1f")  
[13.639s] -- Found FastRTPS: /opt/ros/foxy/include  
[14.172s] -- Using all available rosidl_typesupport_cpp: rosidl_typesupport_fastrtps_cpp;rosidl_typesupport_introspection_cpp
[14.666s] -- Found rmw_implementation_cmake: 1.0.3 (/opt/ros/foxy/share/rmw_implementation_cmake/cmake)
[14.682s] -- Using RMW implementation 'rmw_fastrtps_cpp' as default
[14.695s] -- Looking for pthread.h
[15.237s] -- Looking for pthread.h - found
[15.238s] -- Performing Test CMAKE_HAVE_LIBC_PTHREAD
[15.725s] -- Performing Test CMAKE_HAVE_LIBC_PTHREAD - Failed
[15.726s] -- Looking for pthread_create in pthreads
[16.097s] -- Looking for pthread_create in pthreads - not found
[16.098s] -- Looking for pthread_create in pthread
[16.579s] -- Looking for pthread_create in pthread - found
[16.586s] -- Found Threads: TRUE  
[18.716s] -- Found sensor_msgs: 2.0.5 (/opt/ros/foxy/share/sensor_msgs/cmake)
[19.848s] -- Found OpenCV: /usr (found version "4.2.0") 
[19.859s] -- Found cv_bridge: 3.0.7 (/opt/ros/foxy/share/cv_bridge/cmake)
[20.077s] -- Found ament_lint_auto: 0.9.7 (/opt/ros/foxy/share/ament_lint_auto/cmake)
[20.694s] -- Added test 'copyright' to check source files copyright and LICENSE
[20.728s] -- Added test 'cppcheck' to perform static code analysis on C / C++ code
[20.729s] -- Configured cppcheck include dirs: 
[20.730s] -- Configured cppcheck exclude dirs and/or files: 
[20.748s] -- Added test 'cpplint' to check C / C++ code against the Google style
[20.748s] -- Configured cpplint exclude dirs and/or files: 
[20.755s] -- Added test 'flake8' to check Python code syntax and style conventions
[20.763s] -- Added test 'lint_cmake' to check CMake code style
[20.769s] -- Added test 'pep257' to check Python code against some of the style conventions in PEP 257
[20.789s] -- Added test 'uncrustify' to check C / C++ code style
[20.790s] -- Configured uncrustify additional arguments: 
[20.795s] -- Added test 'xmllint' to check XML markup files
[20.815s] -- Configuring done
[20.979s] -- Generating done
[20.990s] -- Build files have been written to: /home/mp4d/ros2_ws/build/project_ros2_pkg
[21.090s] Invoked command in '/home/mp4d/ros2_ws/build/project_ros2_pkg' returned '0': CMAKE_PREFIX_PATH=/opt/ros/foxy /usr/bin/cmake /home/mp4d/ros2_ws/src/project-ROS2-pkg -DCMAKE_INSTALL_PREFIX=/home/mp4d/ros2_ws/install/project_ros2_pkg
[21.111s] Invoking command in '/home/mp4d/ros2_ws/build/project_ros2_pkg': CMAKE_PREFIX_PATH=/opt/ros/foxy /usr/bin/cmake --build /home/mp4d/ros2_ws/build/project_ros2_pkg -- -j4 -l4
[21.360s] [35m[1mScanning dependencies of target image_subscriber[0m
[22.967s] [ 50%] [32mBuilding CXX object CMakeFiles/image_subscriber.dir/src/image_subscriber.cpp.o[0m
[66.868s] [100%] [32m[1mLinking CXX executable image_subscriber[0m
[76.926s] [100%] Built target image_subscriber
[76.993s] Invoked command in '/home/mp4d/ros2_ws/build/project_ros2_pkg' returned '0': CMAKE_PREFIX_PATH=/opt/ros/foxy /usr/bin/cmake --build /home/mp4d/ros2_ws/build/project_ros2_pkg -- -j4 -l4
[77.190s] Invoking command in '/home/mp4d/ros2_ws/build/project_ros2_pkg': CMAKE_PREFIX_PATH=/opt/ros/foxy /usr/bin/cmake --install /home/mp4d/ros2_ws/build/project_ros2_pkg
[77.249s] -- Install configuration: ""
[77.250s] -- Installing: /home/mp4d/ros2_ws/install/project_ros2_pkg/lib/project_ros2_pkg/image_subscriber
[77.264s] -- Set runtime path of "/home/mp4d/ros2_ws/install/project_ros2_pkg/lib/project_ros2_pkg/image_subscriber" to ""
[77.265s] -- Installing: /home/mp4d/ros2_ws/install/project_ros2_pkg/share/ament_index/resource_index/package_run_dependencies/project_ros2_pkg
[77.266s] -- Installing: /home/mp4d/ros2_ws/install/project_ros2_pkg/share/ament_index/resource_index/parent_prefix_path/project_ros2_pkg
[77.267s] -- Installing: /home/mp4d/ros2_ws/install/project_ros2_pkg/share/project_ros2_pkg/environment/ament_prefix_path.sh
[77.268s] -- Installing: /home/mp4d/ros2_ws/install/project_ros2_pkg/share/project_ros2_pkg/environment/ament_prefix_path.dsv
[77.269s] -- Installing: /home/mp4d/ros2_ws/install/project_ros2_pkg/share/project_ros2_pkg/environment/path.sh
[77.270s] -- Installing: /home/mp4d/ros2_ws/install/project_ros2_pkg/share/project_ros2_pkg/environment/path.dsv
[77.271s] -- Installing: /home/mp4d/ros2_ws/install/project_ros2_pkg/share/project_ros2_pkg/local_setup.bash
[77.272s] -- Installing: /home/mp4d/ros2_ws/install/project_ros2_pkg/share/project_ros2_pkg/local_setup.sh
[77.273s] -- Installing: /home/mp4d/ros2_ws/install/project_ros2_pkg/share/project_ros2_pkg/local_setup.zsh
[77.274s] -- Installing: /home/mp4d/ros2_ws/install/project_ros2_pkg/share/project_ros2_pkg/local_setup.dsv
[77.274s] -- Installing: /home/mp4d/ros2_ws/install/project_ros2_pkg/share/project_ros2_pkg/package.dsv
[77.275s] -- Installing: /home/mp4d/ros2_ws/install/project_ros2_pkg/share/ament_index/resource_index/packages/project_ros2_pkg
[77.275s] -- Installing: /home/mp4d/ros2_ws/install/project_ros2_pkg/share/project_ros2_pkg/cmake/project_ros2_pkgConfig.cmake
[77.276s] -- Installing: /home/mp4d/ros2_ws/install/project_ros2_pkg/share/project_ros2_pkg/cmake/project_ros2_pkgConfig-version.cmake
[77.276s] -- Installing: /home/mp4d/ros2_ws/install/project_ros2_pkg/share/project_ros2_pkg/package.xml
[77.292s] Invoked command in '/home/mp4d/ros2_ws/build/project_ros2_pkg' returned '0': CMAKE_PREFIX_PATH=/opt/ros/foxy /usr/bin/cmake --install /home/mp4d/ros2_ws/build/project_ros2_pkg
