[35m[1mScanning dependencies of target image_subscriber[0m
[ 50%] [32mBuilding CXX object CMakeFiles/image_subscriber.dir/src/image_subscriber.cpp.o[0m
In file included from [01m[K/opt/ros/foxy/include/rclcpp/client.hpp:40[m[K,
                 from [01m[K/opt/ros/foxy/include/rclcpp/callback_group.hpp:23[m[K,
                 from [01m[K/opt/ros/foxy/include/rclcpp/any_executable.hpp:20[m[K,
                 from [01m[K/opt/ros/foxy/include/rclcpp/memory_strategy.hpp:24[m[K,
                 from [01m[K/opt/ros/foxy/include/rclcpp/memory_strategies.hpp:18[m[K,
                 from [01m[K/opt/ros/foxy/include/rclcpp/executor_options.hpp:20[m[K,
                 from [01m[K/opt/ros/foxy/include/rclcpp/executor.hpp:33[m[K,
                 from [01m[K/opt/ros/foxy/include/rclcpp/executors/multi_threaded_executor.hpp:26[m[K,
                 from [01m[K/opt/ros/foxy/include/rclcpp/executors.hpp:21[m[K,
                 from [01m[K/opt/ros/foxy/include/rclcpp/rclcpp.hpp:146[m[K,
                 from [01m[K/home/mp4d/ros2_ws/src/project-ROS2-pkg/src/image_subscriber.cpp:1[m[K:
[01m[K/home/mp4d/ros2_ws/src/project-ROS2-pkg/src/image_subscriber.cpp:[m[K In member function ‘[01m[Kvoid ImageSubscriber::onImageMsg(sensor_msgs::msg::Image_<std::allocator<void> >::SharedPtr)[m[K’:
[01m[K/home/mp4d/ros2_ws/src/project-ROS2-pkg/src/image_subscriber.cpp:31:65:[m[K [01;31m[Kerror: [m[Kinvalid cast from type ‘[01m[Kstd::vector<float>[m[K’ to type ‘[01m[Kfloat[m[K’
   31 |    RCLCPP_INFO(this->get_logger(), "IMG vector: '%f'", float(vec[01;31m[K)[m[K);
      |                                                                 [01;31m[K^[m[K
make[2]: *** [CMakeFiles/image_subscriber.dir/build.make:63: CMakeFiles/image_subscriber.dir/src/image_subscriber.cpp.o] Error 1
make[1]: *** [CMakeFiles/Makefile2:78: CMakeFiles/image_subscriber.dir/all] Error 2
make: *** [Makefile:141: all] Error 2
