[2.934s] DEBUG:colcon:Command line arguments: ['/usr/bin/colcon', 'build']
[2.935s] DEBUG:colcon:Parsed command line arguments: Namespace(allow_overriding=[], ament_cmake_args=None, base_paths=['.'], build_base='build', catkin_cmake_args=None, catkin_skip_building_tests=False, cmake_args=None, cmake_clean_cache=False, cmake_clean_first=False, cmake_force_configure=False, cmake_target=None, cmake_target_skip_unavailable=False, continue_on_error=False, event_handlers=None, executor='parallel', ignore_user_meta=False, install_base='install', log_base=None, log_level=None, main=<bound method BuildVerb.main of <colcon_core.verb.build.BuildVerb object at 0xffffbe5c75e0>>, merge_install=False, metas=['./colcon.meta'], packages_above=None, packages_above_and_dependencies=None, packages_above_depth=None, packages_end=None, packages_ignore=None, packages_ignore_regex=None, packages_select=None, packages_select_build_failed=False, packages_select_by_dep=None, packages_select_regex=None, packages_select_test_failures=False, packages_skip=None, packages_skip_build_finished=False, packages_skip_by_dep=None, packages_skip_regex=None, packages_skip_test_passed=False, packages_skip_up_to=None, packages_start=None, packages_up_to=None, packages_up_to_regex=None, parallel_workers=4, paths=None, symlink_install=False, test_result_base=None, verb_extension=<colcon_core.verb.build.BuildVerb object at 0xffffbe5c75e0>, verb_name='build', verb_parser=<colcon_defaults.argument_parser.defaults.DefaultArgumentsDecorator object at 0xffffbdda1220>)
[3.447s] Level 1:colcon.colcon_core.package_discovery:discover_packages(colcon_meta) check parameters
[3.448s] Level 1:colcon.colcon_core.package_discovery:discover_packages(recursive) check parameters
[3.448s] Level 1:colcon.colcon_core.package_discovery:discover_packages(ignore) check parameters
[3.448s] Level 1:colcon.colcon_core.package_discovery:discover_packages(path) check parameters
[3.449s] Level 1:colcon.colcon_core.package_discovery:discover_packages(colcon_meta) discover
[3.449s] Level 1:colcon.colcon_core.package_discovery:discover_packages(recursive) discover
[3.450s] INFO:colcon.colcon_core.package_discovery:Crawling recursively for packages in '/home/mp4d/ros2_ws'
[3.450s] Level 1:colcon.colcon_core.package_identification:_identify(.) by extensions ['ignore', 'ignore_ament_install']
[3.451s] Level 1:colcon.colcon_core.package_identification:_identify(.) by extension 'ignore'
[3.451s] Level 1:colcon.colcon_core.package_identification:_identify(.) by extension 'ignore_ament_install'
[3.452s] Level 1:colcon.colcon_core.package_identification:_identify(.) by extensions ['colcon_pkg']
[3.452s] Level 1:colcon.colcon_core.package_identification:_identify(.) by extension 'colcon_pkg'
[3.452s] Level 1:colcon.colcon_core.package_identification:_identify(.) by extensions ['colcon_meta']
[3.452s] Level 1:colcon.colcon_core.package_identification:_identify(.) by extension 'colcon_meta'
[3.453s] Level 1:colcon.colcon_core.package_identification:_identify(.) by extensions ['ros']
[3.453s] Level 1:colcon.colcon_core.package_identification:_identify(.) by extension 'ros'
[3.565s] Level 1:colcon.colcon_core.package_identification:_identify(.) by extensions ['cmake', 'python']
[3.566s] Level 1:colcon.colcon_core.package_identification:_identify(.) by extension 'cmake'
[3.566s] Level 1:colcon.colcon_core.package_identification:_identify(.) by extension 'python'
[3.566s] Level 1:colcon.colcon_core.package_identification:_identify(.) by extensions ['python_setup_py']
[3.567s] Level 1:colcon.colcon_core.package_identification:_identify(.) by extension 'python_setup_py'
[3.568s] Level 1:colcon.colcon_core.package_identification:_identify(build) by extensions ['ignore', 'ignore_ament_install']
[3.568s] Level 1:colcon.colcon_core.package_identification:_identify(build) by extension 'ignore'
[3.569s] Level 1:colcon.colcon_core.package_identification:_identify(build) ignored
[3.569s] Level 1:colcon.colcon_core.package_identification:_identify(install) by extensions ['ignore', 'ignore_ament_install']
[3.570s] Level 1:colcon.colcon_core.package_identification:_identify(install) by extension 'ignore'
[3.570s] Level 1:colcon.colcon_core.package_identification:_identify(install) ignored
[3.571s] Level 1:colcon.colcon_core.package_identification:_identify(log) by extensions ['ignore', 'ignore_ament_install']
[3.571s] Level 1:colcon.colcon_core.package_identification:_identify(log) by extension 'ignore'
[3.572s] Level 1:colcon.colcon_core.package_identification:_identify(log) ignored
[3.572s] Level 1:colcon.colcon_core.package_identification:_identify(src) by extensions ['ignore', 'ignore_ament_install']
[3.573s] Level 1:colcon.colcon_core.package_identification:_identify(src) by extension 'ignore'
[3.573s] Level 1:colcon.colcon_core.package_identification:_identify(src) by extension 'ignore_ament_install'
[3.573s] Level 1:colcon.colcon_core.package_identification:_identify(src) by extensions ['colcon_pkg']
[3.574s] Level 1:colcon.colcon_core.package_identification:_identify(src) by extension 'colcon_pkg'
[3.574s] Level 1:colcon.colcon_core.package_identification:_identify(src) by extensions ['colcon_meta']
[3.574s] Level 1:colcon.colcon_core.package_identification:_identify(src) by extension 'colcon_meta'
[3.574s] Level 1:colcon.colcon_core.package_identification:_identify(src) by extensions ['ros']
[3.575s] Level 1:colcon.colcon_core.package_identification:_identify(src) by extension 'ros'
[3.575s] Level 1:colcon.colcon_core.package_identification:_identify(src) by extensions ['cmake', 'python']
[3.575s] Level 1:colcon.colcon_core.package_identification:_identify(src) by extension 'cmake'
[3.576s] Level 1:colcon.colcon_core.package_identification:_identify(src) by extension 'python'
[3.576s] Level 1:colcon.colcon_core.package_identification:_identify(src) by extensions ['python_setup_py']
[3.576s] Level 1:colcon.colcon_core.package_identification:_identify(src) by extension 'python_setup_py'
[3.577s] Level 1:colcon.colcon_core.package_identification:_identify(src/project-ROS2-pkg) by extensions ['ignore', 'ignore_ament_install']
[3.577s] Level 1:colcon.colcon_core.package_identification:_identify(src/project-ROS2-pkg) by extension 'ignore'
[3.578s] Level 1:colcon.colcon_core.package_identification:_identify(src/project-ROS2-pkg) by extension 'ignore_ament_install'
[3.578s] Level 1:colcon.colcon_core.package_identification:_identify(src/project-ROS2-pkg) by extensions ['colcon_pkg']
[3.578s] Level 1:colcon.colcon_core.package_identification:_identify(src/project-ROS2-pkg) by extension 'colcon_pkg'
[3.579s] Level 1:colcon.colcon_core.package_identification:_identify(src/project-ROS2-pkg) by extensions ['colcon_meta']
[3.579s] Level 1:colcon.colcon_core.package_identification:_identify(src/project-ROS2-pkg) by extension 'colcon_meta'
[3.579s] Level 1:colcon.colcon_core.package_identification:_identify(src/project-ROS2-pkg) by extensions ['ros']
[3.579s] Level 1:colcon.colcon_core.package_identification:_identify(src/project-ROS2-pkg) by extension 'ros'
[3.599s] DEBUG:colcon.colcon_core.package_identification:Package 'src/project-ROS2-pkg' with type 'ros.ament_cmake' and name 'project_ros2_pkg'
[3.599s] Level 1:colcon.colcon_core.package_discovery:discover_packages(recursive) using defaults
[3.600s] Level 1:colcon.colcon_core.package_discovery:discover_packages(ignore) discover
[3.600s] Level 1:colcon.colcon_core.package_discovery:discover_packages(ignore) using defaults
[3.600s] Level 1:colcon.colcon_core.package_discovery:discover_packages(path) discover
[3.601s] Level 1:colcon.colcon_core.package_discovery:discover_packages(path) using defaults
[3.799s] Level 1:colcon.colcon_core.package_discovery:discover_packages(prefix_path) check parameters
[3.800s] Level 1:colcon.colcon_core.package_discovery:discover_packages(prefix_path) discover
[3.821s] DEBUG:colcon.colcon_installed_package_information.package_discovery:Found 1 installed packages in /home/mp4d/ros2_ws/install
[3.837s] DEBUG:colcon.colcon_installed_package_information.package_discovery:Found 263 installed packages in /opt/ros/foxy
[3.853s] Level 1:colcon.colcon_core.package_discovery:discover_packages(prefix_path) using defaults
[4.472s] Level 5:colcon.colcon_core.verb:set package 'project_ros2_pkg' build argument 'cmake_args' from command line to 'None'
[4.473s] Level 5:colcon.colcon_core.verb:set package 'project_ros2_pkg' build argument 'cmake_target' from command line to 'None'
[4.473s] Level 5:colcon.colcon_core.verb:set package 'project_ros2_pkg' build argument 'cmake_target_skip_unavailable' from command line to 'False'
[4.473s] Level 5:colcon.colcon_core.verb:set package 'project_ros2_pkg' build argument 'cmake_clean_cache' from command line to 'False'
[4.473s] Level 5:colcon.colcon_core.verb:set package 'project_ros2_pkg' build argument 'cmake_clean_first' from command line to 'False'
[4.473s] Level 5:colcon.colcon_core.verb:set package 'project_ros2_pkg' build argument 'cmake_force_configure' from command line to 'False'
[4.474s] Level 5:colcon.colcon_core.verb:set package 'project_ros2_pkg' build argument 'ament_cmake_args' from command line to 'None'
[4.474s] Level 5:colcon.colcon_core.verb:set package 'project_ros2_pkg' build argument 'catkin_cmake_args' from command line to 'None'
[4.474s] Level 5:colcon.colcon_core.verb:set package 'project_ros2_pkg' build argument 'catkin_skip_building_tests' from command line to 'False'
[4.474s] DEBUG:colcon.colcon_core.verb:Building package 'project_ros2_pkg' with the following arguments: {'ament_cmake_args': None, 'build_base': '/home/mp4d/ros2_ws/build/project_ros2_pkg', 'catkin_cmake_args': None, 'catkin_skip_building_tests': False, 'cmake_args': None, 'cmake_clean_cache': False, 'cmake_clean_first': False, 'cmake_force_configure': False, 'cmake_target': None, 'cmake_target_skip_unavailable': False, 'install_base': '/home/mp4d/ros2_ws/install/project_ros2_pkg', 'merge_install': False, 'path': '/home/mp4d/ros2_ws/src/project-ROS2-pkg', 'symlink_install': False, 'test_result_base': None}
[4.481s] INFO:colcon.colcon_core.executor:Executing jobs using 'parallel' executor
[4.525s] DEBUG:colcon.colcon_parallel_executor.executor.parallel:run_until_complete
[4.527s] INFO:colcon.colcon_ros.task.ament_cmake.build:Building ROS package in '/home/mp4d/ros2_ws/src/project-ROS2-pkg' with build type 'ament_cmake'
[4.528s] INFO:colcon.colcon_cmake.task.cmake.build:Building CMake package in '/home/mp4d/ros2_ws/src/project-ROS2-pkg'
[4.567s] INFO:colcon.colcon_core.plugin_system:Skipping extension 'colcon_core.shell.bat': Not used on non-Windows systems
[4.570s] INFO:colcon.colcon_core.shell:Skip shell extension 'powershell' for command environment: Not usable outside of PowerShell
[4.570s] DEBUG:colcon.colcon_core.shell:Skip shell extension 'dsv' for command environment
[4.650s] DEBUG:colcon.colcon_core.event_handler.log_command:Invoking command in '/home/mp4d/ros2_ws/build/project_ros2_pkg': CMAKE_PREFIX_PATH=${CMAKE_PREFIX_PATH}:/opt/ros/foxy /usr/bin/cmake --build /home/mp4d/ros2_ws/build/project_ros2_pkg -- -j4 -l4
[59.678s] DEBUG:colcon.colcon_core.event_handler.log_command:Invoked command in '/home/mp4d/ros2_ws/build/project_ros2_pkg' returned '0': CMAKE_PREFIX_PATH=${CMAKE_PREFIX_PATH}:/opt/ros/foxy /usr/bin/cmake --build /home/mp4d/ros2_ws/build/project_ros2_pkg -- -j4 -l4
[59.903s] DEBUG:colcon.colcon_core.event_handler.log_command:Invoking command in '/home/mp4d/ros2_ws/build/project_ros2_pkg': CMAKE_PREFIX_PATH=${CMAKE_PREFIX_PATH}:/opt/ros/foxy /usr/bin/cmake --install /home/mp4d/ros2_ws/build/project_ros2_pkg
[59.993s] Level 1:colcon.colcon_core.environment:create_environment_scripts_only(project_ros2_pkg)
[60.002s] DEBUG:colcon.colcon_core.event_handler.log_command:Invoked command in '/home/mp4d/ros2_ws/build/project_ros2_pkg' returned '0': CMAKE_PREFIX_PATH=${CMAKE_PREFIX_PATH}:/opt/ros/foxy /usr/bin/cmake --install /home/mp4d/ros2_ws/build/project_ros2_pkg
[60.044s] Level 1:colcon.colcon_core.environment:checking '/home/mp4d/ros2_ws/install/project_ros2_pkg' for CMake module files
[60.048s] Level 1:colcon.colcon_core.environment:checking '/home/mp4d/ros2_ws/install/project_ros2_pkg' for CMake config files
[60.050s] Level 1:colcon.colcon_core.shell:create_environment_hook('project_ros2_pkg', 'cmake_prefix_path')
[60.066s] INFO:colcon.colcon_core.shell:Creating environment hook '/home/mp4d/ros2_ws/install/project_ros2_pkg/share/project_ros2_pkg/hook/cmake_prefix_path.ps1'
[60.072s] INFO:colcon.colcon_core.shell:Creating environment descriptor '/home/mp4d/ros2_ws/install/project_ros2_pkg/share/project_ros2_pkg/hook/cmake_prefix_path.dsv'
[60.076s] INFO:colcon.colcon_core.shell:Creating environment hook '/home/mp4d/ros2_ws/install/project_ros2_pkg/share/project_ros2_pkg/hook/cmake_prefix_path.sh'
[60.087s] Level 1:colcon.colcon_core.environment:checking '/home/mp4d/ros2_ws/install/project_ros2_pkg/lib'
[60.088s] Level 1:colcon.colcon_core.environment:checking '/home/mp4d/ros2_ws/install/project_ros2_pkg/bin'
[60.089s] Level 1:colcon.colcon_core.environment:checking '/home/mp4d/ros2_ws/install/project_ros2_pkg/lib/pkgconfig/project_ros2_pkg.pc'
[60.091s] Level 1:colcon.colcon_core.environment:checking '/home/mp4d/ros2_ws/install/project_ros2_pkg/lib/python3.8/site-packages'
[60.093s] Level 1:colcon.colcon_core.environment:checking '/home/mp4d/ros2_ws/install/project_ros2_pkg/bin'
[60.109s] INFO:colcon.colcon_core.shell:Creating package script '/home/mp4d/ros2_ws/install/project_ros2_pkg/share/project_ros2_pkg/package.ps1'
[60.117s] INFO:colcon.colcon_core.shell:Creating package descriptor '/home/mp4d/ros2_ws/install/project_ros2_pkg/share/project_ros2_pkg/package.dsv'
[60.122s] INFO:colcon.colcon_core.shell:Creating package script '/home/mp4d/ros2_ws/install/project_ros2_pkg/share/project_ros2_pkg/package.sh'
[60.128s] INFO:colcon.colcon_core.shell:Creating package script '/home/mp4d/ros2_ws/install/project_ros2_pkg/share/project_ros2_pkg/package.bash'
[60.136s] INFO:colcon.colcon_core.shell:Creating package script '/home/mp4d/ros2_ws/install/project_ros2_pkg/share/project_ros2_pkg/package.zsh'
[60.143s] Level 1:colcon.colcon_core.environment:create_file_with_runtime_dependencies(/home/mp4d/ros2_ws/install/project_ros2_pkg/share/colcon-core/packages/project_ros2_pkg)
[60.281s] Level 1:colcon.colcon_core.environment:create_environment_scripts_only(project_ros2_pkg)
[60.306s] Level 1:colcon.colcon_core.environment:checking '/home/mp4d/ros2_ws/install/project_ros2_pkg' for CMake module files
[60.311s] Level 1:colcon.colcon_core.environment:checking '/home/mp4d/ros2_ws/install/project_ros2_pkg' for CMake config files
[60.313s] Level 1:colcon.colcon_core.shell:create_environment_hook('project_ros2_pkg', 'cmake_prefix_path')
[60.328s] INFO:colcon.colcon_core.shell:Creating environment hook '/home/mp4d/ros2_ws/install/project_ros2_pkg/share/project_ros2_pkg/hook/cmake_prefix_path.ps1'
[60.333s] INFO:colcon.colcon_core.shell:Creating environment descriptor '/home/mp4d/ros2_ws/install/project_ros2_pkg/share/project_ros2_pkg/hook/cmake_prefix_path.dsv'
[60.335s] INFO:colcon.colcon_core.shell:Creating environment hook '/home/mp4d/ros2_ws/install/project_ros2_pkg/share/project_ros2_pkg/hook/cmake_prefix_path.sh'
[60.340s] Level 1:colcon.colcon_core.environment:checking '/home/mp4d/ros2_ws/install/project_ros2_pkg/lib'
[60.341s] Level 1:colcon.colcon_core.environment:checking '/home/mp4d/ros2_ws/install/project_ros2_pkg/bin'
[60.341s] Level 1:colcon.colcon_core.environment:checking '/home/mp4d/ros2_ws/install/project_ros2_pkg/lib/pkgconfig/project_ros2_pkg.pc'
[60.343s] Level 1:colcon.colcon_core.environment:checking '/home/mp4d/ros2_ws/install/project_ros2_pkg/lib/python3.8/site-packages'
[60.345s] Level 1:colcon.colcon_core.environment:checking '/home/mp4d/ros2_ws/install/project_ros2_pkg/bin'
[60.360s] INFO:colcon.colcon_core.shell:Creating package script '/home/mp4d/ros2_ws/install/project_ros2_pkg/share/project_ros2_pkg/package.ps1'
[60.367s] INFO:colcon.colcon_core.shell:Creating package descriptor '/home/mp4d/ros2_ws/install/project_ros2_pkg/share/project_ros2_pkg/package.dsv'
[60.371s] INFO:colcon.colcon_core.shell:Creating package script '/home/mp4d/ros2_ws/install/project_ros2_pkg/share/project_ros2_pkg/package.sh'
[60.375s] INFO:colcon.colcon_core.shell:Creating package script '/home/mp4d/ros2_ws/install/project_ros2_pkg/share/project_ros2_pkg/package.bash'
[60.378s] INFO:colcon.colcon_core.shell:Creating package script '/home/mp4d/ros2_ws/install/project_ros2_pkg/share/project_ros2_pkg/package.zsh'
[60.382s] Level 1:colcon.colcon_core.environment:create_file_with_runtime_dependencies(/home/mp4d/ros2_ws/install/project_ros2_pkg/share/colcon-core/packages/project_ros2_pkg)
[60.384s] DEBUG:colcon.colcon_parallel_executor.executor.parallel:closing loop
[60.386s] DEBUG:colcon.colcon_parallel_executor.executor.parallel:loop closed
[60.388s] DEBUG:colcon.colcon_parallel_executor.executor.parallel:run_until_complete finished with '0'
[60.388s] DEBUG:colcon.colcon_core.event_reactor:joining thread
[60.444s] INFO:colcon.colcon_core.plugin_system:Skipping extension 'colcon_notification.desktop_notification.notify_send': Could not find 'notify-send'
[60.446s] INFO:colcon.colcon_core.plugin_system:Skipping extension 'colcon_notification.desktop_notification.terminal_notifier': Not used on non-Darwin systems
[60.446s] INFO:colcon.colcon_core.plugin_system:Skipping extension 'colcon_notification.desktop_notification.win32': Not used on non-Windows systems
[60.446s] INFO:colcon.colcon_notification.desktop_notification:Sending desktop notification using 'notify2'
[60.451s] DEBUG:colcon.colcon_notification.desktop_notification.notify2:Failed to initialize notify2: org.freedesktop.DBus.Error.ServiceUnknown: The name org.freedesktop.Notifications was not provided by any .service files
[60.452s] DEBUG:colcon.colcon_core.event_reactor:joined thread
[60.468s] INFO:colcon.colcon_core.shell:Creating prefix script '/home/mp4d/ros2_ws/install/local_setup.ps1'
[60.477s] INFO:colcon.colcon_core.shell:Creating prefix util module '/home/mp4d/ros2_ws/install/_local_setup_util_ps1.py'
[60.490s] INFO:colcon.colcon_core.shell:Creating prefix chain script '/home/mp4d/ros2_ws/install/setup.ps1'
[60.504s] INFO:colcon.colcon_core.shell:Creating prefix script '/home/mp4d/ros2_ws/install/local_setup.sh'
[60.509s] INFO:colcon.colcon_core.shell:Creating prefix util module '/home/mp4d/ros2_ws/install/_local_setup_util_sh.py'
[60.513s] INFO:colcon.colcon_core.shell:Creating prefix chain script '/home/mp4d/ros2_ws/install/setup.sh'
[60.527s] INFO:colcon.colcon_core.shell:Creating prefix script '/home/mp4d/ros2_ws/install/local_setup.bash'
[60.531s] INFO:colcon.colcon_core.shell:Creating prefix chain script '/home/mp4d/ros2_ws/install/setup.bash'
[60.544s] INFO:colcon.colcon_core.shell:Creating prefix script '/home/mp4d/ros2_ws/install/local_setup.zsh'
[60.549s] INFO:colcon.colcon_core.shell:Creating prefix chain script '/home/mp4d/ros2_ws/install/setup.zsh'
