[3.438s] DEBUG:colcon:Command line arguments: ['/usr/bin/colcon', 'build']
[3.439s] DEBUG:colcon:Parsed command line arguments: Namespace(allow_overriding=[], ament_cmake_args=None, base_paths=['.'], build_base='build', catkin_cmake_args=None, catkin_skip_building_tests=False, cmake_args=None, cmake_clean_cache=False, cmake_clean_first=False, cmake_force_configure=False, cmake_target=None, cmake_target_skip_unavailable=False, continue_on_error=False, event_handlers=None, executor='parallel', ignore_user_meta=False, install_base='install', log_base=None, log_level=None, main=<bound method BuildVerb.main of <colcon_core.verb.build.BuildVerb object at 0xffffa29468e0>>, merge_install=False, metas=['./colcon.meta'], packages_above=None, packages_above_and_dependencies=None, packages_above_depth=None, packages_end=None, packages_ignore=None, packages_ignore_regex=None, packages_select=None, packages_select_build_failed=False, packages_select_by_dep=None, packages_select_regex=None, packages_select_test_failures=False, packages_skip=None, packages_skip_build_finished=False, packages_skip_by_dep=None, packages_skip_regex=None, packages_skip_test_passed=False, packages_skip_up_to=None, packages_start=None, packages_up_to=None, packages_up_to_regex=None, parallel_workers=4, paths=None, symlink_install=False, test_result_base=None, verb_extension=<colcon_core.verb.build.BuildVerb object at 0xffffa29468e0>, verb_name='build', verb_parser=<colcon_defaults.argument_parser.defaults.DefaultArgumentsDecorator object at 0xffffa2120250>)
[3.996s] Level 1:colcon.colcon_core.package_discovery:discover_packages(colcon_meta) check parameters
[3.997s] Level 1:colcon.colcon_core.package_discovery:discover_packages(recursive) check parameters
[3.997s] Level 1:colcon.colcon_core.package_discovery:discover_packages(ignore) check parameters
[3.997s] Level 1:colcon.colcon_core.package_discovery:discover_packages(path) check parameters
[3.998s] Level 1:colcon.colcon_core.package_discovery:discover_packages(colcon_meta) discover
[3.998s] Level 1:colcon.colcon_core.package_discovery:discover_packages(recursive) discover
[3.999s] INFO:colcon.colcon_core.package_discovery:Crawling recursively for packages in '/home/mp4d/project-ROS2-pkg'
[3.999s] Level 1:colcon.colcon_core.package_identification:_identify(.) by extensions ['ignore', 'ignore_ament_install']
[4.000s] Level 1:colcon.colcon_core.package_identification:_identify(.) by extension 'ignore'
[4.000s] Level 1:colcon.colcon_core.package_identification:_identify(.) by extension 'ignore_ament_install'
[4.001s] Level 1:colcon.colcon_core.package_identification:_identify(.) by extensions ['colcon_pkg']
[4.001s] Level 1:colcon.colcon_core.package_identification:_identify(.) by extension 'colcon_pkg'
[4.001s] Level 1:colcon.colcon_core.package_identification:_identify(.) by extensions ['colcon_meta']
[4.002s] Level 1:colcon.colcon_core.package_identification:_identify(.) by extension 'colcon_meta'
[4.002s] Level 1:colcon.colcon_core.package_identification:_identify(.) by extensions ['ros']
[4.002s] Level 1:colcon.colcon_core.package_identification:_identify(.) by extension 'ros'
[4.394s] DEBUG:colcon.colcon_core.package_identification:Package '.' with type 'ros.ament_cmake' and name 'project_ros2_pkg'
[4.395s] Level 1:colcon.colcon_core.package_discovery:discover_packages(recursive) using defaults
[4.395s] Level 1:colcon.colcon_core.package_discovery:discover_packages(ignore) discover
[4.395s] Level 1:colcon.colcon_core.package_discovery:discover_packages(ignore) using defaults
[4.396s] Level 1:colcon.colcon_core.package_discovery:discover_packages(path) discover
[4.396s] Level 1:colcon.colcon_core.package_discovery:discover_packages(path) using defaults
[4.631s] Level 1:colcon.colcon_core.package_discovery:discover_packages(prefix_path) check parameters
[4.632s] Level 1:colcon.colcon_core.package_discovery:discover_packages(prefix_path) discover
[4.644s] WARNING:colcon.colcon_core.prefix_path.colcon:The path '/home/mp4d/ros2_ws/install' in the environment variable COLCON_PREFIX_PATH doesn't exist
[4.666s] DEBUG:colcon.colcon_installed_package_information.package_discovery:Found 263 installed packages in /opt/ros/foxy
[4.684s] Level 1:colcon.colcon_core.package_discovery:discover_packages(prefix_path) using defaults
[5.357s] Level 5:colcon.colcon_core.verb:set package 'project_ros2_pkg' build argument 'cmake_args' from command line to 'None'
[5.358s] Level 5:colcon.colcon_core.verb:set package 'project_ros2_pkg' build argument 'cmake_target' from command line to 'None'
[5.358s] Level 5:colcon.colcon_core.verb:set package 'project_ros2_pkg' build argument 'cmake_target_skip_unavailable' from command line to 'False'
[5.358s] Level 5:colcon.colcon_core.verb:set package 'project_ros2_pkg' build argument 'cmake_clean_cache' from command line to 'False'
[5.358s] Level 5:colcon.colcon_core.verb:set package 'project_ros2_pkg' build argument 'cmake_clean_first' from command line to 'False'
[5.359s] Level 5:colcon.colcon_core.verb:set package 'project_ros2_pkg' build argument 'cmake_force_configure' from command line to 'False'
[5.359s] Level 5:colcon.colcon_core.verb:set package 'project_ros2_pkg' build argument 'ament_cmake_args' from command line to 'None'
[5.359s] Level 5:colcon.colcon_core.verb:set package 'project_ros2_pkg' build argument 'catkin_cmake_args' from command line to 'None'
[5.359s] Level 5:colcon.colcon_core.verb:set package 'project_ros2_pkg' build argument 'catkin_skip_building_tests' from command line to 'False'
[5.360s] DEBUG:colcon.colcon_core.verb:Building package 'project_ros2_pkg' with the following arguments: {'ament_cmake_args': None, 'build_base': '/home/mp4d/project-ROS2-pkg/build/project_ros2_pkg', 'catkin_cmake_args': None, 'catkin_skip_building_tests': False, 'cmake_args': None, 'cmake_clean_cache': False, 'cmake_clean_first': False, 'cmake_force_configure': False, 'cmake_target': None, 'cmake_target_skip_unavailable': False, 'install_base': '/home/mp4d/project-ROS2-pkg/install/project_ros2_pkg', 'merge_install': False, 'path': '/home/mp4d/project-ROS2-pkg', 'symlink_install': False, 'test_result_base': None}
[5.366s] INFO:colcon.colcon_core.executor:Executing jobs using 'parallel' executor
[5.409s] DEBUG:colcon.colcon_parallel_executor.executor.parallel:run_until_complete
[5.411s] INFO:colcon.colcon_ros.task.ament_cmake.build:Building ROS package in '/home/mp4d/project-ROS2-pkg' with build type 'ament_cmake'
[5.412s] INFO:colcon.colcon_cmake.task.cmake.build:Building CMake package in '/home/mp4d/project-ROS2-pkg'
[5.461s] INFO:colcon.colcon_core.plugin_system:Skipping extension 'colcon_core.shell.bat': Not used on non-Windows systems
[5.463s] INFO:colcon.colcon_core.shell:Skip shell extension 'powershell' for command environment: Not usable outside of PowerShell
[5.464s] DEBUG:colcon.colcon_core.shell:Skip shell extension 'dsv' for command environment
[5.534s] DEBUG:colcon.colcon_core.event_handler.log_command:Invoking command in '/home/mp4d/project-ROS2-pkg/build/project_ros2_pkg': CMAKE_PREFIX_PATH=/opt/ros/foxy /usr/bin/cmake /home/mp4d/project-ROS2-pkg -DCMAKE_INSTALL_PREFIX=/home/mp4d/project-ROS2-pkg/install/project_ros2_pkg
[10.257s] DEBUG:colcon.colcon_parallel_executor.executor.parallel:run_until_complete was interrupted
[10.259s] DEBUG:colcon.colcon_parallel_executor.executor.parallel:run_until_complete again
[10.526s] DEBUG:colcon.colcon_core.event_handler.log_command:Invoked command in '/home/mp4d/project-ROS2-pkg/build/project_ros2_pkg' returned '-2': CMAKE_PREFIX_PATH=/opt/ros/foxy /usr/bin/cmake /home/mp4d/project-ROS2-pkg -DCMAKE_INSTALL_PREFIX=/home/mp4d/project-ROS2-pkg/install/project_ros2_pkg
[10.556s] DEBUG:colcon.colcon_parallel_executor.executor.parallel:run_until_complete finished
[10.557s] DEBUG:colcon.colcon_parallel_executor.executor.parallel:closing loop
[10.558s] DEBUG:colcon.colcon_parallel_executor.executor.parallel:loop closed
[10.558s] DEBUG:colcon.colcon_core.event_reactor:joining thread
[10.610s] INFO:colcon.colcon_core.plugin_system:Skipping extension 'colcon_notification.desktop_notification.notify_send': Could not find 'notify-send'
[10.611s] INFO:colcon.colcon_core.plugin_system:Skipping extension 'colcon_notification.desktop_notification.terminal_notifier': Not used on non-Darwin systems
[10.611s] INFO:colcon.colcon_core.plugin_system:Skipping extension 'colcon_notification.desktop_notification.win32': Not used on non-Windows systems
[10.612s] INFO:colcon.colcon_notification.desktop_notification:Sending desktop notification using 'notify2'
[10.616s] DEBUG:colcon.colcon_notification.desktop_notification.notify2:Failed to initialize notify2: org.freedesktop.DBus.Error.ServiceUnknown: The name org.freedesktop.Notifications was not provided by any .service files
[10.617s] DEBUG:colcon.colcon_core.event_reactor:joined thread
[10.633s] INFO:colcon.colcon_core.shell:Creating prefix script '/home/mp4d/project-ROS2-pkg/install/local_setup.ps1'
[10.641s] INFO:colcon.colcon_core.shell:Creating prefix util module '/home/mp4d/project-ROS2-pkg/install/_local_setup_util_ps1.py'
[10.653s] INFO:colcon.colcon_core.shell:Creating prefix chain script '/home/mp4d/project-ROS2-pkg/install/setup.ps1'
[10.665s] INFO:colcon.colcon_core.shell:Creating prefix script '/home/mp4d/project-ROS2-pkg/install/local_setup.sh'
[10.670s] INFO:colcon.colcon_core.shell:Creating prefix util module '/home/mp4d/project-ROS2-pkg/install/_local_setup_util_sh.py'
[10.673s] INFO:colcon.colcon_core.shell:Creating prefix chain script '/home/mp4d/project-ROS2-pkg/install/setup.sh'
[10.685s] INFO:colcon.colcon_core.shell:Creating prefix script '/home/mp4d/project-ROS2-pkg/install/local_setup.bash'
[10.689s] INFO:colcon.colcon_core.shell:Creating prefix chain script '/home/mp4d/project-ROS2-pkg/install/setup.bash'
[10.701s] INFO:colcon.colcon_core.shell:Creating prefix script '/home/mp4d/project-ROS2-pkg/install/local_setup.zsh'
[10.705s] INFO:colcon.colcon_core.shell:Creating prefix chain script '/home/mp4d/project-ROS2-pkg/install/setup.zsh'
