[0.120s] Invoking command in '/home/mp4d/ros2_ws/build/project_ros2_pkg': CMAKE_PREFIX_PATH=${CMAKE_PREFIX_PATH}:/opt/ros/foxy /usr/bin/cmake --build /home/mp4d/ros2_ws/build/project_ros2_pkg -- -j4 -l4
[0.398s] [35m[1mScanning dependencies of target image_subscriber[0m
[0.580s] [ 50%] [32mBuilding CXX object CMakeFiles/image_subscriber.dir/src/image_subscriber.cpp.o[0m
[43.946s] [100%] [32m[1mLinking CXX executable image_subscriber[0m
[50.971s] [100%] Built target image_subscriber
[51.040s] Invoked command in '/home/mp4d/ros2_ws/build/project_ros2_pkg' returned '0': CMAKE_PREFIX_PATH=${CMAKE_PREFIX_PATH}:/opt/ros/foxy /usr/bin/cmake --build /home/mp4d/ros2_ws/build/project_ros2_pkg -- -j4 -l4
[51.242s] Invoking command in '/home/mp4d/ros2_ws/build/project_ros2_pkg': CMAKE_PREFIX_PATH=${CMAKE_PREFIX_PATH}:/opt/ros/foxy /usr/bin/cmake --install /home/mp4d/ros2_ws/build/project_ros2_pkg
[51.302s] -- Install configuration: ""
[51.303s] -- Installing: /home/mp4d/ros2_ws/install/project_ros2_pkg/lib/project_ros2_pkg/image_subscriber
[51.320s] -- Set runtime path of "/home/mp4d/ros2_ws/install/project_ros2_pkg/lib/project_ros2_pkg/image_subscriber" to ""
[51.321s] -- Up-to-date: /home/mp4d/ros2_ws/install/project_ros2_pkg/share/ament_index/resource_index/package_run_dependencies/project_ros2_pkg
[51.322s] -- Up-to-date: /home/mp4d/ros2_ws/install/project_ros2_pkg/share/ament_index/resource_index/parent_prefix_path/project_ros2_pkg
[51.322s] -- Up-to-date: /home/mp4d/ros2_ws/install/project_ros2_pkg/share/project_ros2_pkg/environment/ament_prefix_path.sh
[51.323s] -- Up-to-date: /home/mp4d/ros2_ws/install/project_ros2_pkg/share/project_ros2_pkg/environment/ament_prefix_path.dsv
[51.324s] -- Up-to-date: /home/mp4d/ros2_ws/install/project_ros2_pkg/share/project_ros2_pkg/environment/path.sh
[51.325s] -- Up-to-date: /home/mp4d/ros2_ws/install/project_ros2_pkg/share/project_ros2_pkg/environment/path.dsv
[51.325s] -- Up-to-date: /home/mp4d/ros2_ws/install/project_ros2_pkg/share/project_ros2_pkg/local_setup.bash
[51.326s] -- Up-to-date: /home/mp4d/ros2_ws/install/project_ros2_pkg/share/project_ros2_pkg/local_setup.sh
[51.327s] -- Up-to-date: /home/mp4d/ros2_ws/install/project_ros2_pkg/share/project_ros2_pkg/local_setup.zsh
[51.328s] -- Up-to-date: /home/mp4d/ros2_ws/install/project_ros2_pkg/share/project_ros2_pkg/local_setup.dsv
[51.328s] -- Installing: /home/mp4d/ros2_ws/install/project_ros2_pkg/share/project_ros2_pkg/package.dsv
[51.329s] -- Up-to-date: /home/mp4d/ros2_ws/install/project_ros2_pkg/share/ament_index/resource_index/packages/project_ros2_pkg
[51.330s] -- Up-to-date: /home/mp4d/ros2_ws/install/project_ros2_pkg/share/project_ros2_pkg/cmake/project_ros2_pkgConfig.cmake
[51.330s] -- Up-to-date: /home/mp4d/ros2_ws/install/project_ros2_pkg/share/project_ros2_pkg/cmake/project_ros2_pkgConfig-version.cmake
[51.331s] -- Up-to-date: /home/mp4d/ros2_ws/install/project_ros2_pkg/share/project_ros2_pkg/package.xml
[51.346s] Invoked command in '/home/mp4d/ros2_ws/build/project_ros2_pkg' returned '0': CMAKE_PREFIX_PATH=${CMAKE_PREFIX_PATH}:/opt/ros/foxy /usr/bin/cmake --install /home/mp4d/ros2_ws/build/project_ros2_pkg
