[7.670s] DEBUG:colcon:Command line arguments: ['/usr/bin/colcon', 'build']
[7.671s] DEBUG:colcon:Parsed command line arguments: Namespace(allow_overriding=[], ament_cmake_args=None, base_paths=['.'], build_base='build', catkin_cmake_args=None, catkin_skip_building_tests=False, cmake_args=None, cmake_clean_cache=False, cmake_clean_first=False, cmake_force_configure=False, cmake_target=None, cmake_target_skip_unavailable=False, continue_on_error=False, event_handlers=None, executor='parallel', ignore_user_meta=False, install_base='install', log_base=None, log_level=None, main=<bound method BuildVerb.main of <colcon_core.verb.build.BuildVerb object at 0xffffb42e2640>>, merge_install=False, metas=['./colcon.meta'], packages_above=None, packages_above_and_dependencies=None, packages_above_depth=None, packages_end=None, packages_ignore=None, packages_ignore_regex=None, packages_select=None, packages_select_build_failed=False, packages_select_by_dep=None, packages_select_regex=None, packages_select_test_failures=False, packages_skip=None, packages_skip_build_finished=False, packages_skip_by_dep=None, packages_skip_regex=None, packages_skip_test_passed=False, packages_skip_up_to=None, packages_start=None, packages_up_to=None, packages_up_to_regex=None, parallel_workers=4, paths=None, symlink_install=False, test_result_base=None, verb_extension=<colcon_core.verb.build.BuildVerb object at 0xffffb42e2640>, verb_name='build', verb_parser=<colcon_defaults.argument_parser.defaults.DefaultArgumentsDecorator object at 0xffffb3abb1c0>)
[8.800s] Level 1:colcon.colcon_core.package_discovery:discover_packages(colcon_meta) check parameters
[8.801s] Level 1:colcon.colcon_core.package_discovery:discover_packages(recursive) check parameters
[8.802s] Level 1:colcon.colcon_core.package_discovery:discover_packages(ignore) check parameters
[8.802s] Level 1:colcon.colcon_core.package_discovery:discover_packages(path) check parameters
[8.802s] Level 1:colcon.colcon_core.package_discovery:discover_packages(colcon_meta) discover
[8.803s] Level 1:colcon.colcon_core.package_discovery:discover_packages(recursive) discover
[8.803s] INFO:colcon.colcon_core.package_discovery:Crawling recursively for packages in '/home/mp4d/ros2_ws'
[8.804s] Level 1:colcon.colcon_core.package_identification:_identify(.) by extensions ['ignore', 'ignore_ament_install']
[8.804s] Level 1:colcon.colcon_core.package_identification:_identify(.) by extension 'ignore'
[8.805s] Level 1:colcon.colcon_core.package_identification:_identify(.) by extension 'ignore_ament_install'
[8.806s] Level 1:colcon.colcon_core.package_identification:_identify(.) by extensions ['colcon_pkg']
[8.806s] Level 1:colcon.colcon_core.package_identification:_identify(.) by extension 'colcon_pkg'
[8.806s] Level 1:colcon.colcon_core.package_identification:_identify(.) by extensions ['colcon_meta']
[8.806s] Level 1:colcon.colcon_core.package_identification:_identify(.) by extension 'colcon_meta'
[8.807s] Level 1:colcon.colcon_core.package_identification:_identify(.) by extensions ['ros']
[8.807s] Level 1:colcon.colcon_core.package_identification:_identify(.) by extension 'ros'
[9.044s] Level 1:colcon.colcon_core.package_identification:_identify(.) by extensions ['cmake', 'python']
[9.044s] Level 1:colcon.colcon_core.package_identification:_identify(.) by extension 'cmake'
[9.045s] Level 1:colcon.colcon_core.package_identification:_identify(.) by extension 'python'
[9.045s] Level 1:colcon.colcon_core.package_identification:_identify(.) by extensions ['python_setup_py']
[9.045s] Level 1:colcon.colcon_core.package_identification:_identify(.) by extension 'python_setup_py'
[9.046s] Level 1:colcon.colcon_core.package_identification:_identify(build) by extensions ['ignore', 'ignore_ament_install']
[9.047s] Level 1:colcon.colcon_core.package_identification:_identify(build) by extension 'ignore'
[9.047s] Level 1:colcon.colcon_core.package_identification:_identify(build) ignored
[9.048s] Level 1:colcon.colcon_core.package_identification:_identify(install) by extensions ['ignore', 'ignore_ament_install']
[9.049s] Level 1:colcon.colcon_core.package_identification:_identify(install) by extension 'ignore'
[9.049s] Level 1:colcon.colcon_core.package_identification:_identify(install) ignored
[9.050s] Level 1:colcon.colcon_core.package_identification:_identify(log) by extensions ['ignore', 'ignore_ament_install']
[9.051s] Level 1:colcon.colcon_core.package_identification:_identify(log) by extension 'ignore'
[9.051s] Level 1:colcon.colcon_core.package_identification:_identify(log) ignored
[9.051s] Level 1:colcon.colcon_core.package_identification:_identify(src) by extensions ['ignore', 'ignore_ament_install']
[9.052s] Level 1:colcon.colcon_core.package_identification:_identify(src) by extension 'ignore'
[9.052s] Level 1:colcon.colcon_core.package_identification:_identify(src) by extension 'ignore_ament_install'
[9.053s] Level 1:colcon.colcon_core.package_identification:_identify(src) by extensions ['colcon_pkg']
[9.053s] Level 1:colcon.colcon_core.package_identification:_identify(src) by extension 'colcon_pkg'
[9.053s] Level 1:colcon.colcon_core.package_identification:_identify(src) by extensions ['colcon_meta']
[9.054s] Level 1:colcon.colcon_core.package_identification:_identify(src) by extension 'colcon_meta'
[9.054s] Level 1:colcon.colcon_core.package_identification:_identify(src) by extensions ['ros']
[9.054s] Level 1:colcon.colcon_core.package_identification:_identify(src) by extension 'ros'
[9.055s] Level 1:colcon.colcon_core.package_identification:_identify(src) by extensions ['cmake', 'python']
[9.055s] Level 1:colcon.colcon_core.package_identification:_identify(src) by extension 'cmake'
[9.055s] Level 1:colcon.colcon_core.package_identification:_identify(src) by extension 'python'
[9.056s] Level 1:colcon.colcon_core.package_identification:_identify(src) by extensions ['python_setup_py']
[9.056s] Level 1:colcon.colcon_core.package_identification:_identify(src) by extension 'python_setup_py'
[9.057s] Level 1:colcon.colcon_core.package_identification:_identify(src/project-ROS2-pkg) by extensions ['ignore', 'ignore_ament_install']
[9.057s] Level 1:colcon.colcon_core.package_identification:_identify(src/project-ROS2-pkg) by extension 'ignore'
[9.058s] Level 1:colcon.colcon_core.package_identification:_identify(src/project-ROS2-pkg) by extension 'ignore_ament_install'
[9.058s] Level 1:colcon.colcon_core.package_identification:_identify(src/project-ROS2-pkg) by extensions ['colcon_pkg']
[9.058s] Level 1:colcon.colcon_core.package_identification:_identify(src/project-ROS2-pkg) by extension 'colcon_pkg'
[9.059s] Level 1:colcon.colcon_core.package_identification:_identify(src/project-ROS2-pkg) by extensions ['colcon_meta']
[9.059s] Level 1:colcon.colcon_core.package_identification:_identify(src/project-ROS2-pkg) by extension 'colcon_meta'
[9.059s] Level 1:colcon.colcon_core.package_identification:_identify(src/project-ROS2-pkg) by extensions ['ros']
[9.059s] Level 1:colcon.colcon_core.package_identification:_identify(src/project-ROS2-pkg) by extension 'ros'
[9.090s] DEBUG:colcon.colcon_core.package_identification:Package 'src/project-ROS2-pkg' with type 'ros.ament_cmake' and name 'project_ros2_pkg'
[9.091s] Level 1:colcon.colcon_core.package_discovery:discover_packages(recursive) using defaults
[9.091s] Level 1:colcon.colcon_core.package_discovery:discover_packages(ignore) discover
[9.091s] Level 1:colcon.colcon_core.package_discovery:discover_packages(ignore) using defaults
[9.092s] Level 1:colcon.colcon_core.package_discovery:discover_packages(path) discover
[9.092s] Level 1:colcon.colcon_core.package_discovery:discover_packages(path) using defaults
[9.460s] Level 1:colcon.colcon_core.package_discovery:discover_packages(prefix_path) check parameters
[9.461s] Level 1:colcon.colcon_core.package_discovery:discover_packages(prefix_path) discover
[9.506s] DEBUG:colcon.colcon_installed_package_information.package_discovery:Found 263 installed packages in /opt/ros/foxy
[9.523s] Level 1:colcon.colcon_core.package_discovery:discover_packages(prefix_path) using defaults
[10.374s] Level 5:colcon.colcon_core.verb:set package 'project_ros2_pkg' build argument 'cmake_args' from command line to 'None'
[10.375s] Level 5:colcon.colcon_core.verb:set package 'project_ros2_pkg' build argument 'cmake_target' from command line to 'None'
[10.376s] Level 5:colcon.colcon_core.verb:set package 'project_ros2_pkg' build argument 'cmake_target_skip_unavailable' from command line to 'False'
[10.376s] Level 5:colcon.colcon_core.verb:set package 'project_ros2_pkg' build argument 'cmake_clean_cache' from command line to 'False'
[10.376s] Level 5:colcon.colcon_core.verb:set package 'project_ros2_pkg' build argument 'cmake_clean_first' from command line to 'False'
[10.376s] Level 5:colcon.colcon_core.verb:set package 'project_ros2_pkg' build argument 'cmake_force_configure' from command line to 'False'
[10.376s] Level 5:colcon.colcon_core.verb:set package 'project_ros2_pkg' build argument 'ament_cmake_args' from command line to 'None'
[10.377s] Level 5:colcon.colcon_core.verb:set package 'project_ros2_pkg' build argument 'catkin_cmake_args' from command line to 'None'
[10.377s] Level 5:colcon.colcon_core.verb:set package 'project_ros2_pkg' build argument 'catkin_skip_building_tests' from command line to 'False'
[10.377s] DEBUG:colcon.colcon_core.verb:Building package 'project_ros2_pkg' with the following arguments: {'ament_cmake_args': None, 'build_base': '/home/mp4d/ros2_ws/build/project_ros2_pkg', 'catkin_cmake_args': None, 'catkin_skip_building_tests': False, 'cmake_args': None, 'cmake_clean_cache': False, 'cmake_clean_first': False, 'cmake_force_configure': False, 'cmake_target': None, 'cmake_target_skip_unavailable': False, 'install_base': '/home/mp4d/ros2_ws/install/project_ros2_pkg', 'merge_install': False, 'path': '/home/mp4d/ros2_ws/src/project-ROS2-pkg', 'symlink_install': False, 'test_result_base': None}
[10.385s] INFO:colcon.colcon_core.executor:Executing jobs using 'parallel' executor
[10.432s] DEBUG:colcon.colcon_parallel_executor.executor.parallel:run_until_complete
[10.435s] INFO:colcon.colcon_ros.task.ament_cmake.build:Building ROS package in '/home/mp4d/ros2_ws/src/project-ROS2-pkg' with build type 'ament_cmake'
[10.437s] INFO:colcon.colcon_cmake.task.cmake.build:Building CMake package in '/home/mp4d/ros2_ws/src/project-ROS2-pkg'
[10.509s] INFO:colcon.colcon_core.plugin_system:Skipping extension 'colcon_core.shell.bat': Not used on non-Windows systems
[10.511s] INFO:colcon.colcon_core.shell:Skip shell extension 'powershell' for command environment: Not usable outside of PowerShell
[10.511s] DEBUG:colcon.colcon_core.shell:Skip shell extension 'dsv' for command environment
[10.624s] DEBUG:colcon.colcon_core.event_handler.log_command:Invoking command in '/home/mp4d/ros2_ws/build/project_ros2_pkg': CMAKE_PREFIX_PATH=/opt/ros/foxy /usr/bin/cmake --build /home/mp4d/ros2_ws/build/project_ros2_pkg -- -j4 -l4
[75.566s] DEBUG:colcon.colcon_core.event_handler.log_command:Invoked command in '/home/mp4d/ros2_ws/build/project_ros2_pkg' returned '0': CMAKE_PREFIX_PATH=/opt/ros/foxy /usr/bin/cmake --build /home/mp4d/ros2_ws/build/project_ros2_pkg -- -j4 -l4
[75.767s] DEBUG:colcon.colcon_core.event_handler.log_command:Invoking command in '/home/mp4d/ros2_ws/build/project_ros2_pkg': CMAKE_PREFIX_PATH=/opt/ros/foxy /usr/bin/cmake --install /home/mp4d/ros2_ws/build/project_ros2_pkg
[75.865s] Level 1:colcon.colcon_core.environment:create_environment_scripts_only(project_ros2_pkg)
[75.873s] DEBUG:colcon.colcon_core.event_handler.log_command:Invoked command in '/home/mp4d/ros2_ws/build/project_ros2_pkg' returned '0': CMAKE_PREFIX_PATH=/opt/ros/foxy /usr/bin/cmake --install /home/mp4d/ros2_ws/build/project_ros2_pkg
[75.936s] Level 1:colcon.colcon_core.environment:checking '/home/mp4d/ros2_ws/install/project_ros2_pkg' for CMake module files
[75.940s] Level 1:colcon.colcon_core.environment:checking '/home/mp4d/ros2_ws/install/project_ros2_pkg' for CMake config files
[75.942s] Level 1:colcon.colcon_core.shell:create_environment_hook('project_ros2_pkg', 'cmake_prefix_path')
[75.956s] INFO:colcon.colcon_core.shell:Creating environment hook '/home/mp4d/ros2_ws/install/project_ros2_pkg/share/project_ros2_pkg/hook/cmake_prefix_path.ps1'
[75.965s] INFO:colcon.colcon_core.shell:Creating environment descriptor '/home/mp4d/ros2_ws/install/project_ros2_pkg/share/project_ros2_pkg/hook/cmake_prefix_path.dsv'
[75.971s] INFO:colcon.colcon_core.shell:Creating environment hook '/home/mp4d/ros2_ws/install/project_ros2_pkg/share/project_ros2_pkg/hook/cmake_prefix_path.sh'
[75.980s] Level 1:colcon.colcon_core.environment:checking '/home/mp4d/ros2_ws/install/project_ros2_pkg/lib'
[75.982s] Level 1:colcon.colcon_core.environment:checking '/home/mp4d/ros2_ws/install/project_ros2_pkg/bin'
[75.982s] Level 1:colcon.colcon_core.environment:checking '/home/mp4d/ros2_ws/install/project_ros2_pkg/lib/pkgconfig/project_ros2_pkg.pc'
[75.984s] Level 1:colcon.colcon_core.environment:checking '/home/mp4d/ros2_ws/install/project_ros2_pkg/lib/python3.8/site-packages'
[75.985s] Level 1:colcon.colcon_core.environment:checking '/home/mp4d/ros2_ws/install/project_ros2_pkg/bin'
[76.000s] INFO:colcon.colcon_core.shell:Creating package script '/home/mp4d/ros2_ws/install/project_ros2_pkg/share/project_ros2_pkg/package.ps1'
[76.008s] INFO:colcon.colcon_core.shell:Creating package descriptor '/home/mp4d/ros2_ws/install/project_ros2_pkg/share/project_ros2_pkg/package.dsv'
[76.014s] INFO:colcon.colcon_core.shell:Creating package script '/home/mp4d/ros2_ws/install/project_ros2_pkg/share/project_ros2_pkg/package.sh'
[76.022s] INFO:colcon.colcon_core.shell:Creating package script '/home/mp4d/ros2_ws/install/project_ros2_pkg/share/project_ros2_pkg/package.bash'
[76.032s] INFO:colcon.colcon_core.shell:Creating package script '/home/mp4d/ros2_ws/install/project_ros2_pkg/share/project_ros2_pkg/package.zsh'
[76.041s] Level 1:colcon.colcon_core.environment:create_file_with_runtime_dependencies(/home/mp4d/ros2_ws/install/project_ros2_pkg/share/colcon-core/packages/project_ros2_pkg)
[76.170s] Level 1:colcon.colcon_core.environment:create_environment_scripts_only(project_ros2_pkg)
[76.191s] Level 1:colcon.colcon_core.environment:checking '/home/mp4d/ros2_ws/install/project_ros2_pkg' for CMake module files
[76.195s] Level 1:colcon.colcon_core.environment:checking '/home/mp4d/ros2_ws/install/project_ros2_pkg' for CMake config files
[76.197s] Level 1:colcon.colcon_core.shell:create_environment_hook('project_ros2_pkg', 'cmake_prefix_path')
[76.211s] INFO:colcon.colcon_core.shell:Creating environment hook '/home/mp4d/ros2_ws/install/project_ros2_pkg/share/project_ros2_pkg/hook/cmake_prefix_path.ps1'
[76.214s] INFO:colcon.colcon_core.shell:Creating environment descriptor '/home/mp4d/ros2_ws/install/project_ros2_pkg/share/project_ros2_pkg/hook/cmake_prefix_path.dsv'
[76.217s] INFO:colcon.colcon_core.shell:Creating environment hook '/home/mp4d/ros2_ws/install/project_ros2_pkg/share/project_ros2_pkg/hook/cmake_prefix_path.sh'
[76.220s] Level 1:colcon.colcon_core.environment:checking '/home/mp4d/ros2_ws/install/project_ros2_pkg/lib'
[76.221s] Level 1:colcon.colcon_core.environment:checking '/home/mp4d/ros2_ws/install/project_ros2_pkg/bin'
[76.222s] Level 1:colcon.colcon_core.environment:checking '/home/mp4d/ros2_ws/install/project_ros2_pkg/lib/pkgconfig/project_ros2_pkg.pc'
[76.223s] Level 1:colcon.colcon_core.environment:checking '/home/mp4d/ros2_ws/install/project_ros2_pkg/lib/python3.8/site-packages'
[76.225s] Level 1:colcon.colcon_core.environment:checking '/home/mp4d/ros2_ws/install/project_ros2_pkg/bin'
[76.239s] INFO:colcon.colcon_core.shell:Creating package script '/home/mp4d/ros2_ws/install/project_ros2_pkg/share/project_ros2_pkg/package.ps1'
[76.244s] INFO:colcon.colcon_core.shell:Creating package descriptor '/home/mp4d/ros2_ws/install/project_ros2_pkg/share/project_ros2_pkg/package.dsv'
[76.247s] INFO:colcon.colcon_core.shell:Creating package script '/home/mp4d/ros2_ws/install/project_ros2_pkg/share/project_ros2_pkg/package.sh'
[76.250s] INFO:colcon.colcon_core.shell:Creating package script '/home/mp4d/ros2_ws/install/project_ros2_pkg/share/project_ros2_pkg/package.bash'
[76.253s] INFO:colcon.colcon_core.shell:Creating package script '/home/mp4d/ros2_ws/install/project_ros2_pkg/share/project_ros2_pkg/package.zsh'
[76.256s] Level 1:colcon.colcon_core.environment:create_file_with_runtime_dependencies(/home/mp4d/ros2_ws/install/project_ros2_pkg/share/colcon-core/packages/project_ros2_pkg)
[76.258s] DEBUG:colcon.colcon_parallel_executor.executor.parallel:closing loop
[76.260s] DEBUG:colcon.colcon_parallel_executor.executor.parallel:loop closed
[76.261s] DEBUG:colcon.colcon_parallel_executor.executor.parallel:run_until_complete finished with '0'
[76.262s] DEBUG:colcon.colcon_core.event_reactor:joining thread
[76.317s] INFO:colcon.colcon_core.plugin_system:Skipping extension 'colcon_notification.desktop_notification.notify_send': Could not find 'notify-send'
[76.318s] INFO:colcon.colcon_core.plugin_system:Skipping extension 'colcon_notification.desktop_notification.terminal_notifier': Not used on non-Darwin systems
[76.319s] INFO:colcon.colcon_core.plugin_system:Skipping extension 'colcon_notification.desktop_notification.win32': Not used on non-Windows systems
[76.319s] INFO:colcon.colcon_notification.desktop_notification:Sending desktop notification using 'notify2'
[76.358s] DEBUG:colcon.colcon_notification.desktop_notification.notify2:Failed to initialize notify2: org.freedesktop.DBus.Error.ServiceUnknown: The name org.freedesktop.Notifications was not provided by any .service files
[76.359s] DEBUG:colcon.colcon_core.event_reactor:joined thread
[76.373s] INFO:colcon.colcon_core.shell:Creating prefix script '/home/mp4d/ros2_ws/install/local_setup.ps1'
[76.383s] INFO:colcon.colcon_core.shell:Creating prefix util module '/home/mp4d/ros2_ws/install/_local_setup_util_ps1.py'
[76.398s] INFO:colcon.colcon_core.shell:Creating prefix chain script '/home/mp4d/ros2_ws/install/setup.ps1'
[76.411s] INFO:colcon.colcon_core.shell:Creating prefix script '/home/mp4d/ros2_ws/install/local_setup.sh'
[76.420s] INFO:colcon.colcon_core.shell:Creating prefix util module '/home/mp4d/ros2_ws/install/_local_setup_util_sh.py'
[76.424s] INFO:colcon.colcon_core.shell:Creating prefix chain script '/home/mp4d/ros2_ws/install/setup.sh'
[76.438s] INFO:colcon.colcon_core.shell:Creating prefix script '/home/mp4d/ros2_ws/install/local_setup.bash'
[76.444s] INFO:colcon.colcon_core.shell:Creating prefix chain script '/home/mp4d/ros2_ws/install/setup.bash'
[76.457s] INFO:colcon.colcon_core.shell:Creating prefix script '/home/mp4d/ros2_ws/install/local_setup.zsh'
[76.463s] INFO:colcon.colcon_core.shell:Creating prefix chain script '/home/mp4d/ros2_ws/install/setup.zsh'
